<?xml version="1.0" encoding="UTF-8"?>
<!-- Generated by org.testng.reporters.JUnitReportReporter -->
<testsuite hostname="Surya-Prakash" failures="0" tests="10" name="testcases.Facebook_L1_AutomationTest" time="19.074" errors="0" timestamp="2024-03-07T12:38:21 IST" skipped="0">
  <testcase classname="testcases.Facebook_L1_AutomationTest" name="validateFacebookTitleofLoginPage" time="0.074"/>
  <testcase classname="testcases.Facebook_L1_AutomationTest" name="verifyPresenceOfAllFieldsinTheLoginPage" time="0.232"/>
  <testcase classname="testcases.Facebook_L1_AutomationTest" name="validateErrorMessageWithoutProvideAnyCredentials" time="1.131"/>
  <testcase classname="testcases.Facebook_L1_AutomationTest" name="validateErrorMessageWithoutProvidePassword" time="9.027"/>
  <testcase classname="testcases.Facebook_L1_AutomationTest" name="validateErrorMessageWithoutProvideEmailOrPhoneNumber" time="1.410"/>
  <testcase classname="testcases.Facebook_L1_AutomationTest" name="goBackToLogInPageAndValidateCreateNewAccountButtonIsPresentOrNot" time="5.859"/>
  <testcase classname="testcases.Facebook_L1_AutomationTest" name="click_on_forgetten_account_link_then_validate_Email_adddress_Or_phone_number_field" time="0.609"/>
  <testcase classname="testcases.Facebook_L1_AutomationTest" name="VerifyAllFieldsArePresentInTheSignUpPage" time="0.243"/>
  <testcase classname="testcases.Facebook_L1_AutomationTest" name="Enter_data_in_the_first_name_field_" time="0.177"/>
  <testcase classname="testcases.Facebook_L1_AutomationTest" name="Enter_data_in_some_Filed_in_the_SignUp_page" time="0.312"/>
</testsuite> <!-- testcases.Facebook_L1_AutomationTest -->
