<?xml version="1.0" encoding="UTF-8"?>
<!-- Generated by org.testng.reporters.JUnitReportReporter -->
<testsuite hostname="Surya-Prakash" failures="1" tests="10" name="testcases.Facebook_L1_AutomationTest" time="19.653" errors="0" timestamp="2024-03-07T11:19:12 IST" skipped="0">
  <testcase classname="testcases.Facebook_L1_AutomationTest" name="validateFacebookTitleofLoginPage" time="0.092"/>
  <testcase classname="testcases.Facebook_L1_AutomationTest" name="verifyPresenceOfAllFieldsinTheLoginPage" time="0.385"/>
  <testcase classname="testcases.Facebook_L1_AutomationTest" name="validateErrorMessageWithoutProvideAnyCredentials" time="1.532"/>
  <testcase classname="testcases.Facebook_L1_AutomationTest" name="validateErrorMessageWithoutProvidePassword" time="8.741">
    <failure message="error message is not matching, please check manually expected [The password that you&#039;ve entered is incorrect. Forgotten password?] but found [The password that you&#039;ve entered is incorrect.
Forgotten password?]" type="java.lang.AssertionError">
      <![CDATA[java.lang.AssertionError: error message is not matching, please check manually expected [The password that you've entered is incorrect. Forgotten password?] but found [The password that you've entered is incorrect.
Forgotten password?]
at org.testng.Assert.fail(Assert.java:111)
at org.testng.Assert.failNotEquals(Assert.java:1578)
at org.testng.Assert.assertEqualsImpl(Assert.java:150)
at org.testng.Assert.assertEquals(Assert.java:132)
at org.testng.Assert.assertEquals(Assert.java:656)
at testcases.Facebook_L1_AutomationTest.validateErrorMessageWithoutProvidePassword(Facebook_L1_AutomationTest.java:83)
at java.base/jdk.internal.reflect.NativeMethodAccessorImpl.invoke0(Native Method)
at java.base/jdk.internal.reflect.NativeMethodAccessorImpl.invoke(NativeMethodAccessorImpl.java:77)
at java.base/jdk.internal.reflect.DelegatingMethodAccessorImpl.invoke(DelegatingMethodAccessorImpl.java:43)
at java.base/java.lang.reflect.Method.invoke(Method.java:568)
at org.testng.internal.invokers.MethodInvocationHelper.invokeMethod(MethodInvocationHelper.java:139)
at org.testng.internal.invokers.TestInvoker.invokeMethod(TestInvoker.java:664)
at org.testng.internal.invokers.TestInvoker.invokeTestMethod(TestInvoker.java:227)
at org.testng.internal.invokers.MethodRunner.runInSequence(MethodRunner.java:50)
at org.testng.internal.invokers.TestInvoker$MethodInvocationAgent.invoke(TestInvoker.java:957)
at org.testng.internal.invokers.TestInvoker.invokeTestMethods(TestInvoker.java:200)
at org.testng.internal.invokers.TestMethodWorker.invokeTestMethods(TestMethodWorker.java:148)
at org.testng.internal.invokers.TestMethodWorker.run(TestMethodWorker.java:128)
at java.base/java.util.concurrent.ThreadPoolExecutor.runWorker(ThreadPoolExecutor.java:1136)
at java.base/java.util.concurrent.ThreadPoolExecutor$Worker.run(ThreadPoolExecutor.java:635)
at java.base/java.lang.Thread.run(Thread.java:833)
]]>
    </failure>
  </testcase> <!-- validateErrorMessageWithoutProvidePassword -->
  <testcase classname="testcases.Facebook_L1_AutomationTest" name="validateErrorMessageWithoutProvideEmailOrPhoneNumber" time="1.815"/>
  <testcase classname="testcases.Facebook_L1_AutomationTest" name="goBackToLogInPageAndValidateCreateNewAccountButtonIsPresentOrNot" time="5.883"/>
  <testcase classname="testcases.Facebook_L1_AutomationTest" name="click_on_forgetten_account_link_then_validate_Email_adddress_Or_phone_number_field" time="0.566"/>
  <testcase classname="testcases.Facebook_L1_AutomationTest" name="VerifyAllFieldsArePresentInTheSignUpPage" time="0.289"/>
  <testcase classname="testcases.Facebook_L1_AutomationTest" name="Enter_data_in_the_first_name_field_" time="0.115"/>
  <testcase classname="testcases.Facebook_L1_AutomationTest" name="Enter_data_in_some_Filed_in_the_SignUp_page" time="0.235"/>
</testsuite> <!-- testcases.Facebook_L1_AutomationTest -->
