<?xml version="1.0" encoding="UTF-8"?>
<!-- Generated by org.testng.reporters.JUnitReportReporter -->
<testsuite hostname="Surya-Prakash" failures="0" tests="14" name="testcases.Facebook_L2_AutomationTest" time="82.107" errors="0" timestamp="2024-03-15T17:43:26 IST" skipped="0">
  <testcase classname="testcases.Facebook_L2_AutomationTest" name="loginTheFacebookByGivenValidCredetial" time="8.703"/>
  <testcase classname="testcases.Facebook_L2_AutomationTest" name="afterLoggedInValidateTheTitleOfFacebookHomePage" time="0.427"/>
  <testcase classname="testcases.Facebook_L2_AutomationTest" name="clickOnProfileAndValidateTheProfileName" time="1.842"/>
  <testcase classname="testcases.Facebook_L2_AutomationTest" name="clickOnUpdateProfilePictureAndUploadProfilePicture" time="15.439"/>
  <testcase classname="testcases.Facebook_L2_AutomationTest" name="clickOnEditProfileandillTheDetailInBioSection" time="9.476"/>
  <testcase classname="testcases.Facebook_L2_AutomationTest" name="clickOnPostsAndGoToIntroSectionAndAddDetailsInAddBio" time="5.474"/>
  <testcase classname="testcases.Facebook_L2_AutomationTest" name="clickOnAboutAndGoIntoOverviewAndAddUniversity" time="1.758"/>
  <testcase classname="testcases.Facebook_L2_AutomationTest" name="clickOnAddWorkplaceAndAddCompanyName" time="0.990"/>
  <testcase classname="testcases.Facebook_L2_AutomationTest" name="clickOnAddHomeTownAndAddHomeTown" time="8.989"/>
  <testcase classname="testcases.Facebook_L2_AutomationTest" name="clickOnAddCurrentCityAndAddCurrentCity" time="8.561"/>
  <testcase classname="testcases.Facebook_L2_AutomationTest" name="clickOnAddSecondarySchoolAndAddSchool" time="8.392"/>
  <testcase classname="testcases.Facebook_L2_AutomationTest" name="clickOnAddRelationshipStatusAndAddRelationshipStatusAsSingle" time="8.682"/>
  <testcase classname="testcases.Facebook_L2_AutomationTest" name="goToThePreviousPageAndClickOnAccount" time="1.123"/>
  <testcase classname="testcases.Facebook_L2_AutomationTest" name="clickOnLogoutButton" time="2.251"/>
</testsuite> <!-- testcases.Facebook_L2_AutomationTest -->
