<?xml version="1.0" encoding="UTF-8"?>
<!-- Generated by org.testng.reporters.JUnitReportReporter -->
<testsuite hostname="Abhisek-mohanta" failures="0" tests="20" name="testcases.Facebook_L1_AutomationTest" time="0.191" errors="0" timestamp="2024-03-05T14:38:43 IST" skipped="0">
  <testcase classname="testcases.Facebook_L1_AutomationTest" name="validateFacebookLoginPage" time="0.087"/>
  <testcase classname="testcases.Facebook_L1_AutomationTest" name="validatePresenceOfOtherFieldsInLoginPage" time="0.009"/>
  <testcase classname="testcases.Facebook_L1_AutomationTest" name="Validate_incorrectUsername" time="0.011"/>
  <testcase classname="testcases.Facebook_L1_AutomationTest" name="Validate_incorrect_password" time="0.011"/>
  <testcase classname="testcases.Facebook_L1_AutomationTest" name="Login" time="0.004"/>
  <testcase classname="testcases.Facebook_L1_AutomationTest" name="login_button_is_Clickable" time="0.012"/>
  <testcase classname="testcases.Facebook_L1_AutomationTest" name="Validate_title_of_the_login_page" time="0.008"/>
  <testcase classname="testcases.Facebook_L1_AutomationTest" name="forgot_password" time="0.005"/>
  <testcase classname="testcases.Facebook_L1_AutomationTest" name="Create_New_Account" time="0.005"/>
  <testcase classname="testcases.Facebook_L1_AutomationTest" name="CreateNewAccount" time="0.005"/>
  <testcase classname="testcases.Facebook_L1_AutomationTest" name="Enter_data_in_First_name_Surname" time="0.002"/>
  <testcase classname="testcases.Facebook_L1_AutomationTest" name="Enter_data_in_Mobile_number_password" time="0.003"/>
  <testcase classname="testcases.Facebook_L1_AutomationTest" name="Date_Of_Birth_fields" time="0.003"/>
  <testcase classname="testcases.Facebook_L1_AutomationTest" name="DOB_values_captured_accurately" time="0.002"/>
  <testcase classname="testcases.Facebook_L1_AutomationTest" name="Select_each_radio_button" time="0.003"/>
  <testcase classname="testcases.Facebook_L1_AutomationTest" name="select_one_radio_button" time="0.006"/>
  <testcase classname="testcases.Facebook_L1_AutomationTest" name="clicking_on_the_Terms" time="0.003"/>
  <testcase classname="testcases.Facebook_L1_AutomationTest" name="clicking_on_the_Data_Policy_link" time="0.003"/>
  <testcase classname="testcases.Facebook_L1_AutomationTest" name="click_on_sign_up" time="0.005"/>
  <testcase classname="testcases.Facebook_L1_AutomationTest" name="verify_error_message" time="0.004"/>
</testsuite> <!-- testcases.Facebook_L1_AutomationTest -->
