<?xml version="1.0" encoding="UTF-8"?>
<!-- Generated by org.testng.reporters.JUnitReportReporter -->
<testsuite hostname="Surya-Prakash" failures="0" tests="20" name="testcases.Facebook_L1_AutomationTest" time="22.569" errors="0" timestamp="2024-03-15T17:41:27 IST" skipped="0">
  <testcase classname="testcases.Facebook_L1_AutomationTest" name="validateFacebookTitleofLoginPage" time="0.073"/>
  <testcase classname="testcases.Facebook_L1_AutomationTest" name="verifyPresenceOfAllFieldsinTheLoginPage" time="0.358"/>
  <testcase classname="testcases.Facebook_L1_AutomationTest" name="validateErrorMessageWithoutProvideAnyCredentials" time="1.713"/>
  <testcase classname="testcases.Facebook_L1_AutomationTest" name="validateErrorMessageWithoutProvidePassword" time="7.251"/>
  <testcase classname="testcases.Facebook_L1_AutomationTest" name="validateErrorMessageWithoutProvideEmailOrPhoneNumber" time="1.763"/>
  <testcase classname="testcases.Facebook_L1_AutomationTest" name="goBackToLogInPageAndValidateCreateNewAccountButtonIsPresentOrNot" time="5.894"/>
  <testcase classname="testcases.Facebook_L1_AutomationTest" name="click_on_forgetten_account_link_then_validate_Email_adddress_Or_phone_number_field" time="0.638"/>
  <testcase classname="testcases.Facebook_L1_AutomationTest" name="verifyAllFieldsArePresentInTheSignUpPage" time="0.290"/>
  <testcase classname="testcases.Facebook_L1_AutomationTest" name="enterFirstNameInFirstNameTextFieldOfTheSignupPage" time="0.192"/>
  <testcase classname="testcases.Facebook_L1_AutomationTest" name="enterValueInSignupPage" time="0.730"/>
  <testcase classname="testcases.Facebook_L1_AutomationTest" name="selectAnyDateFromDateDropdownAndVerifyDateDropdownIsPrsentOrNot" time="0.346"/>
  <testcase classname="testcases.Facebook_L1_AutomationTest" name="selectAnyMonthFromMonthDropdownAndVerifyMonthDropdownIsPrsentOrNot" time="0.335"/>
  <testcase classname="testcases.Facebook_L1_AutomationTest" name="selectAnyYearFromYearDropdownAndVerifyYearDropdownIsPrsentOrNot" time="0.397"/>
  <testcase classname="testcases.Facebook_L1_AutomationTest" name="selectCustomRadioButtonAndVerifyCustomRadioButtonIsPrsentOrNot" time="0.252"/>
  <testcase classname="testcases.Facebook_L1_AutomationTest" name="selectAnyOptionFromYourPronouDropdownAndVerifyYourPronouDropdownIsPrsentOrNot" time="0.270"/>
  <testcase classname="testcases.Facebook_L1_AutomationTest" name="enterValueInGenderOptionalTextFieldAndValidateGenderOptionalTextFieldIsPresentOrNot" time="0.527"/>
  <testcase classname="testcases.Facebook_L1_AutomationTest" name="selectFemaleRadioButtonAndVerifyFemaleRadioButtonIsPrsentOrNot" time="0.286"/>
  <testcase classname="testcases.Facebook_L1_AutomationTest" name="selectMaleRadioButtonAndVerifyFemaleRadioButtonIsPrsentOrNot" time="0.266"/>
  <testcase classname="testcases.Facebook_L1_AutomationTest" name="verifyAllprsenceOfFieldAfterCloseTheSignupPage" time="0.603"/>
  <testcase classname="testcases.Facebook_L1_AutomationTest" name="enterValidEmail_PasswordInTextFieldAndVerifyLoginButtonIsPresentOrNot" time="0.385"/>
</testsuite> <!-- testcases.Facebook_L1_AutomationTest -->
