<?xml version="1.0" encoding="UTF-8"?>
<!-- Generated by org.testng.reporters.JUnitReportReporter -->
<testsuite hostname="Abhisek-mohanta" failures="0" tests="14" name="testcases.Facebook_L2_AutomationTest" time="105.521" errors="1" timestamp="2024-03-18T17:12:11 IST" skipped="0">
  <testcase classname="testcases.Facebook_L2_AutomationTest" name="loginTheFacebookByGivenValidCredetial" time="9.374"/>
  <testcase classname="testcases.Facebook_L2_AutomationTest" name="afterLoggedInValidateTheTitleOfFacebookHomePage" time="0.701"/>
  <testcase classname="testcases.Facebook_L2_AutomationTest" name="clickOnProfileAndValidateTheProfileName" time="2.265"/>
  <testcase classname="testcases.Facebook_L2_AutomationTest" name="clickOnUpdateProfilePictureAndUploadProfilePicture" time="34.595"/>
  <testcase classname="testcases.Facebook_L2_AutomationTest" name="clickOnEditProfileandillTheDetailInBioSection" time="1.087">
    <error message="element click intercepted: Element &lt;span class=&quot;x1lliihq x6ikm8r x10wlt62 x1n2onr6 xlyipyv xuxw1ft&quot;&gt;...&lt;/span&gt; is not clickable at point (1169, 511). Other element would receive the click: &lt;div class=&quot;__fb-light-mode x1qjc9v5 x9f619 x78zum5 xdt5ytf xl56j7k x1c4vz4f xg6iff7&quot;&gt;...&lt;/div&gt;
  (Session info: chrome=122.0.6261.129)
Build info: version: &#039;4.10.0&#039;, revision: &#039;c14d967899&#039;
System info: os.name: &#039;Windows 10&#039;, os.arch: &#039;amd64&#039;, os.version: &#039;10.0&#039;, java.version: &#039;20.0.2&#039;
Driver info: org.openqa.selenium.chrome.ChromeDriver
Command: [e4c0a4a378e2e60622df99456e9a5a66, clickElement {id=f.75C8A2F33B4DB648EA01C57824A2F85D.d.CDEAB1203401A2E5D9F561A0EB7500D5.e.144}]
Capabilities {acceptInsecureCerts: false, browserName: chrome, browserVersion: 122.0.6261.129, chrome: {chromedriverVersion: 122.0.6261.94 (880dbf29479c..., userDataDir: C:\Users\ABHISE~1\AppData\L...}, fedcm:accounts: true, goog:chromeOptions: {debuggerAddress: localhost:65425}, networkConnectionEnabled: false, pageLoadStrategy: normal, platformName: windows, proxy: Proxy(), se:cdp: ws://localhost:65425/devtoo..., se:cdpVersion: 122.0.6261.129, setWindowRect: true, strictFileInteractability: false, timeouts: {implicit: 0, pageLoad: 300000, script: 30000}, unhandledPromptBehavior: dismiss and notify, webauthn:extension:credBlob: true, webauthn:extension:largeBlob: true, webauthn:extension:minPinLength: true, webauthn:extension:prf: true, webauthn:virtualAuthenticators: true}
Element: [[ChromeDriver: chrome on windows (e4c0a4a378e2e60622df99456e9a5a66)] -&gt; xpath: //span[contains(text(),&#039;Edit profile&#039;)]]
Session ID: e4c0a4a378e2e60622df99456e9a5a66" type="org.openqa.selenium.ElementClickInterceptedException">
      <![CDATA[org.openqa.selenium.ElementClickInterceptedException: element click intercepted: Element <span class="x1lliihq x6ikm8r x10wlt62 x1n2onr6 xlyipyv xuxw1ft">...</span> is not clickable at point (1169, 511). Other element would receive the click: <div class="__fb-light-mode x1qjc9v5 x9f619 x78zum5 xdt5ytf xl56j7k x1c4vz4f xg6iff7">...</div>
  (Session info: chrome=122.0.6261.129)
Build info: version: '4.10.0', revision: 'c14d967899'
System info: os.name: 'Windows 10', os.arch: 'amd64', os.version: '10.0', java.version: '20.0.2'
Driver info: org.openqa.selenium.chrome.ChromeDriver
Command: [e4c0a4a378e2e60622df99456e9a5a66, clickElement {id=f.75C8A2F33B4DB648EA01C57824A2F85D.d.CDEAB1203401A2E5D9F561A0EB7500D5.e.144}]
Capabilities {acceptInsecureCerts: false, browserName: chrome, browserVersion: 122.0.6261.129, chrome: {chromedriverVersion: 122.0.6261.94 (880dbf29479c..., userDataDir: C:\Users\ABHISE~1\AppData\L...}, fedcm:accounts: true, goog:chromeOptions: {debuggerAddress: localhost:65425}, networkConnectionEnabled: false, pageLoadStrategy: normal, platformName: windows, proxy: Proxy(), se:cdp: ws://localhost:65425/devtoo..., se:cdpVersion: 122.0.6261.129, setWindowRect: true, strictFileInteractability: false, timeouts: {implicit: 0, pageLoad: 300000, script: 30000}, unhandledPromptBehavior: dismiss and notify, webauthn:extension:credBlob: true, webauthn:extension:largeBlob: true, webauthn:extension:minPinLength: true, webauthn:extension:prf: true, webauthn:virtualAuthenticators: true}
Element: [[ChromeDriver: chrome on windows (e4c0a4a378e2e60622df99456e9a5a66)] -> xpath: //span[contains(text(),'Edit profile')]]
Session ID: e4c0a4a378e2e60622df99456e9a5a66
at java.base/jdk.internal.reflect.DirectConstructorHandleAccessor.newInstance(DirectConstructorHandleAccessor.java:67)
at java.base/java.lang.reflect.Constructor.newInstanceWithCaller(Constructor.java:500)
at java.base/java.lang.reflect.Constructor.newInstance(Constructor.java:484)
at org.openqa.selenium.remote.codec.w3c.W3CHttpResponseCodec.createException(W3CHttpResponseCodec.java:199)
at org.openqa.selenium.remote.codec.w3c.W3CHttpResponseCodec.decode(W3CHttpResponseCodec.java:132)
at org.openqa.selenium.remote.codec.w3c.W3CHttpResponseCodec.decode(W3CHttpResponseCodec.java:51)
at org.openqa.selenium.remote.HttpCommandExecutor.execute(HttpCommandExecutor.java:191)
at org.openqa.selenium.remote.service.DriverCommandExecutor.invokeExecute(DriverCommandExecutor.java:196)
at org.openqa.selenium.remote.service.DriverCommandExecutor.execute(DriverCommandExecutor.java:171)
at org.openqa.selenium.remote.RemoteWebDriver.execute(RemoteWebDriver.java:531)
at org.openqa.selenium.remote.RemoteWebElement.execute(RemoteWebElement.java:242)
at org.openqa.selenium.remote.RemoteWebElement.click(RemoteWebElement.java:77)
at coreUtilities.utils.CommonEvents.click(CommonEvents.java:887)
at pages.Facebook_L2_Pages.clickOnEditProfileAndFillTheDetaFilInBioSection(Facebook_L2_Pages.java:157)
at testcases.Facebook_L2_AutomationTest.clickOnEditProfileandillTheDetailInBioSection(Facebook_L2_AutomationTest.java:78)
at java.base/jdk.internal.reflect.DirectMethodHandleAccessor.invoke(DirectMethodHandleAccessor.java:104)
at java.base/java.lang.reflect.Method.invoke(Method.java:578)
at org.testng.internal.invokers.MethodInvocationHelper.invokeMethod(MethodInvocationHelper.java:139)
at org.testng.internal.invokers.TestInvoker.invokeMethod(TestInvoker.java:664)
at org.testng.internal.invokers.TestInvoker.invokeTestMethod(TestInvoker.java:227)
at org.testng.internal.invokers.MethodRunner.runInSequence(MethodRunner.java:50)
at org.testng.internal.invokers.TestInvoker$MethodInvocationAgent.invoke(TestInvoker.java:957)
at org.testng.internal.invokers.TestInvoker.invokeTestMethods(TestInvoker.java:200)
at org.testng.internal.invokers.TestMethodWorker.invokeTestMethods(TestMethodWorker.java:148)
at org.testng.internal.invokers.TestMethodWorker.run(TestMethodWorker.java:128)
at java.base/java.util.concurrent.ThreadPoolExecutor.runWorker(ThreadPoolExecutor.java:1144)
at java.base/java.util.concurrent.ThreadPoolExecutor$Worker.run(ThreadPoolExecutor.java:642)
at java.base/java.lang.Thread.run(Thread.java:1623)
]]>
    </error>
  </testcase> <!-- clickOnEditProfileandillTheDetailInBioSection -->
  <testcase classname="testcases.Facebook_L2_AutomationTest" name="clickOnPostsAndGoToIntroSectionAndAddDetailsInAddBio" time="18.339"/>
  <testcase classname="testcases.Facebook_L2_AutomationTest" name="clickOnAboutAndGoIntoOverviewAndAddUniversity" time="2.167"/>
  <testcase classname="testcases.Facebook_L2_AutomationTest" name="clickOnAddWorkplaceAndAddCompanyName" time="0.648"/>
  <testcase classname="testcases.Facebook_L2_AutomationTest" name="clickOnAddHomeTownAndAddHomeTown" time="10.477"/>
  <testcase classname="testcases.Facebook_L2_AutomationTest" name="clickOnAddCurrentCityAndAddCurrentCity" time="7.093"/>
  <testcase classname="testcases.Facebook_L2_AutomationTest" name="clickOnAddSecondarySchoolAndAddSchool" time="8.344"/>
  <testcase classname="testcases.Facebook_L2_AutomationTest" name="clickOnAddRelationshipStatusAndAddRelationshipStatusAsSingle" time="7.224"/>
  <testcase classname="testcases.Facebook_L2_AutomationTest" name="goToThePreviousPageAndClickOnAccount" time="0.887"/>
  <testcase classname="testcases.Facebook_L2_AutomationTest" name="clickOnLogoutButton" time="2.320"/>
</testsuite> <!-- testcases.Facebook_L2_AutomationTest -->
