<?xml version="1.0" encoding="UTF-8"?>
<!-- Generated by org.testng.reporters.JUnitReportReporter -->
<testsuite hostname="Abhisek-mohanta" failures="0" tests="20" name="testcases.Facebook_L1_AutomationTest" time="40.022" errors="0" timestamp="2024-03-19T15:57:52 IST" skipped="0">
  <testcase classname="testcases.Facebook_L1_AutomationTest" name="validateFacebookTitleofLoginPage" time="0.176"/>
  <testcase classname="testcases.Facebook_L1_AutomationTest" name="verifyPresenceOfAllFieldsinTheLoginPage" time="0.846"/>
  <testcase classname="testcases.Facebook_L1_AutomationTest" name="validateErrorMessageWithoutProvideAnyCredentials" time="2.169"/>
  <testcase classname="testcases.Facebook_L1_AutomationTest" name="validateErrorMessageWithoutProvidePassword" time="19.553"/>
  <testcase classname="testcases.Facebook_L1_AutomationTest" name="validateErrorMessageWithoutProvideEmailOrPhoneNumber" time="3.000"/>
  <testcase classname="testcases.Facebook_L1_AutomationTest" name="goBackToLogInPageAndValidateCreateNewAccountButtonIsPresentOrNot" time="6.897"/>
  <testcase classname="testcases.Facebook_L1_AutomationTest" name="click_on_forgetten_account_link_then_validate_Email_adddress_Or_phone_number_field" time="3.391"/>
  <testcase classname="testcases.Facebook_L1_AutomationTest" name="verifyAllFieldsArePresentInTheSignUpPage" time="0.396"/>
  <testcase classname="testcases.Facebook_L1_AutomationTest" name="enterFirstNameInFirstNameTextFieldOfTheSignupPage" time="0.233"/>
  <testcase classname="testcases.Facebook_L1_AutomationTest" name="enterValueInSignupPage" time="0.629"/>
  <testcase classname="testcases.Facebook_L1_AutomationTest" name="selectAnyDateFromDateDropdownAndVerifyDateDropdownIsPrsentOrNot" time="0.261"/>
  <testcase classname="testcases.Facebook_L1_AutomationTest" name="selectAnyMonthFromMonthDropdownAndVerifyMonthDropdownIsPrsentOrNot" time="0.220"/>
  <testcase classname="testcases.Facebook_L1_AutomationTest" name="selectAnyYearFromYearDropdownAndVerifyYearDropdownIsPrsentOrNot" time="0.238"/>
  <testcase classname="testcases.Facebook_L1_AutomationTest" name="selectCustomRadioButtonAndVerifyCustomRadioButtonIsPrsentOrNot" time="0.200"/>
  <testcase classname="testcases.Facebook_L1_AutomationTest" name="selectAnyOptionFromYourPronouDropdownAndVerifyYourPronouDropdownIsPrsentOrNot" time="0.224"/>
  <testcase classname="testcases.Facebook_L1_AutomationTest" name="enterValueInGenderOptionalTextFieldAndValidateGenderOptionalTextFieldIsPresentOrNot" time="0.353"/>
  <testcase classname="testcases.Facebook_L1_AutomationTest" name="selectFemaleRadioButtonAndVerifyFemaleRadioButtonIsPrsentOrNot" time="0.178"/>
  <testcase classname="testcases.Facebook_L1_AutomationTest" name="selectMaleRadioButtonAndVerifyFemaleRadioButtonIsPrsentOrNot" time="0.193"/>
  <testcase classname="testcases.Facebook_L1_AutomationTest" name="verifyAllprsenceOfFieldAfterCloseTheSignupPage" time="0.420"/>
  <testcase classname="testcases.Facebook_L1_AutomationTest" name="enterValidEmail_PasswordInTextFieldAndVerifyLoginButtonIsPresentOrNot" time="0.445"/>
</testsuite> <!-- testcases.Facebook_L1_AutomationTest -->
