<?xml version="1.0" encoding="UTF-8"?>
<!-- Generated by org.testng.reporters.JUnitReportReporter -->
<testsuite hostname="Surya-Prakash" failures="0" tests="20" name="testcases.Facebook_L1_AutomationTest" time="27.644" errors="0" timestamp="2024-03-09T18:32:23 IST" skipped="0">
  <testcase classname="testcases.Facebook_L1_AutomationTest" name="validateFacebookTitleofLoginPage" time="0.085"/>
  <testcase classname="testcases.Facebook_L1_AutomationTest" name="verifyPresenceOfAllFieldsinTheLoginPage" time="0.310"/>
  <testcase classname="testcases.Facebook_L1_AutomationTest" name="validateErrorMessageWithoutProvideAnyCredentials" time="1.852"/>
  <testcase classname="testcases.Facebook_L1_AutomationTest" name="validateErrorMessageWithoutProvidePassword" time="12.473"/>
  <testcase classname="testcases.Facebook_L1_AutomationTest" name="validateErrorMessageWithoutProvideEmailOrPhoneNumber" time="2.324"/>
  <testcase classname="testcases.Facebook_L1_AutomationTest" name="goBackToLogInPageAndValidateCreateNewAccountButtonIsPresentOrNot" time="6.194"/>
  <testcase classname="testcases.Facebook_L1_AutomationTest" name="click_on_forgetten_account_link_then_validate_Email_adddress_Or_phone_number_field" time="0.957"/>
  <testcase classname="testcases.Facebook_L1_AutomationTest" name="verifyAllFieldsArePresentInTheSignUpPage" time="0.303"/>
  <testcase classname="testcases.Facebook_L1_AutomationTest" name="enterFirstNameInFirstNameTextFieldOfTheSignupPage" time="0.176"/>
  <testcase classname="testcases.Facebook_L1_AutomationTest" name="enterValueInSignupPage" time="0.336"/>
  <testcase classname="testcases.Facebook_L1_AutomationTest" name="selectAnyDateFromDateDropdownAndVerifyDateDropdownIsPrsentOrNot" time="0.192"/>
  <testcase classname="testcases.Facebook_L1_AutomationTest" name="selectAnyMonthFromMonthDropdownAndVerifyMonthDropdownIsPrsentOrNot" time="0.195"/>
  <testcase classname="testcases.Facebook_L1_AutomationTest" name="selectAnyYearFromYearDropdownAndVerifyYearDropdownIsPrsentOrNot" time="0.205"/>
  <testcase classname="testcases.Facebook_L1_AutomationTest" name="selectCustomRadioButtonAndVerifyCustomRadioButtonIsPrsentOrNot" time="0.214"/>
  <testcase classname="testcases.Facebook_L1_AutomationTest" name="selectAnyOptionFromYourPronouDropdownAndVerifyYourPronouDropdownIsPrsentOrNot" time="0.229"/>
  <testcase classname="testcases.Facebook_L1_AutomationTest" name="enterValueInGenderOptionalTextFieldAndValidateGenderOptionalTextFieldIsPresentOrNot" time="0.327"/>
  <testcase classname="testcases.Facebook_L1_AutomationTest" name="selectFemaleRadioButtonAndVerifyFemaleRadioButtonIsPrsentOrNot" time="0.258"/>
  <testcase classname="testcases.Facebook_L1_AutomationTest" name="selectMaleRadioButtonAndVerifyFemaleRadioButtonIsPrsentOrNot" time="0.139"/>
  <testcase classname="testcases.Facebook_L1_AutomationTest" name="verifyAllprsenceOfFieldAfterCloseTheSignupPage" time="0.507"/>
  <testcase classname="testcases.Facebook_L1_AutomationTest" name="enterValidEmail_PasswordInTextFieldAndVerifyLoginButtonIsPresentOrNot" time="0.368"/>
</testsuite> <!-- testcases.Facebook_L1_AutomationTest -->
