<?xml version="1.0" encoding="UTF-8"?>
<!-- Generated by org.testng.reporters.JUnitReportReporter -->
<testsuite hostname="Surya-Prakash" failures="0" tests="14" name="testcases.Facebook_L2_AutomationTest" time="84.243" errors="0" timestamp="2024-03-15T15:30:37 IST" skipped="0">
  <testcase classname="testcases.Facebook_L2_AutomationTest" name="loginTheFacebookByGivenValidCredetial" time="12.603"/>
  <testcase classname="testcases.Facebook_L2_AutomationTest" name="afterLoggedInValidateTheTitleOfFacebookHomePage" time="0.374"/>
  <testcase classname="testcases.Facebook_L2_AutomationTest" name="clickOnProfileAndValidateTheProfileName" time="1.894"/>
  <testcase classname="testcases.Facebook_L2_AutomationTest" name="clickOnUpdateProfilePictureAndUploadProfilePicture" time="15.812"/>
  <testcase classname="testcases.Facebook_L2_AutomationTest" name="clickOnEditProfileandillTheDetailInBioSection" time="10.053"/>
  <testcase classname="testcases.Facebook_L2_AutomationTest" name="clickOnPostsAndGoToIntroSectionAndAddDetailsInAddBio" time="1.286"/>
  <testcase classname="testcases.Facebook_L2_AutomationTest" name="clickOnAboutAndGoIntoOverviewAndAddUniversity" time="2.394"/>
  <testcase classname="testcases.Facebook_L2_AutomationTest" name="clickOnAddWorkplaceAndAddCompanyName" time="1.036"/>
  <testcase classname="testcases.Facebook_L2_AutomationTest" name="clickOnAddHomeTownAndAddHomeTown" time="9.332"/>
  <testcase classname="testcases.Facebook_L2_AutomationTest" name="clickOnAddCurrentCityAndAddCurrentCity" time="8.482"/>
  <testcase classname="testcases.Facebook_L2_AutomationTest" name="clickOnAddSecondarySchoolAndAddSchool" time="8.403"/>
  <testcase classname="testcases.Facebook_L2_AutomationTest" name="clickOnAddRelationshipStatusAndAddRelationshipStatusAsSingle" time="8.648"/>
  <testcase classname="testcases.Facebook_L2_AutomationTest" name="goToThePreviousPageAndClickOnAccount" time="1.048"/>
  <testcase classname="testcases.Facebook_L2_AutomationTest" name="clickOnLogoutButton" time="2.878"/>
</testsuite> <!-- testcases.Facebook_L2_AutomationTest -->
