<?xml version="1.0" encoding="UTF-8"?>
<!-- Generated by org.testng.reporters.JUnitReportReporter -->
<testsuite hostname="Surya-Prakash" failures="0" tests="20" name="testcases.Facebook_L1_AutomationTest" time="30.046" errors="0" timestamp="2024-03-14T11:10:48 IST" skipped="0">
  <testcase classname="testcases.Facebook_L1_AutomationTest" name="validateFacebookTitleofLoginPage" time="0.117"/>
  <testcase classname="testcases.Facebook_L1_AutomationTest" name="verifyPresenceOfAllFieldsinTheLoginPage" time="0.351"/>
  <testcase classname="testcases.Facebook_L1_AutomationTest" name="validateErrorMessageWithoutProvideAnyCredentials" time="2.112"/>
  <testcase classname="testcases.Facebook_L1_AutomationTest" name="validateErrorMessageWithoutProvidePassword" time="13.311"/>
  <testcase classname="testcases.Facebook_L1_AutomationTest" name="validateErrorMessageWithoutProvideEmailOrPhoneNumber" time="2.968"/>
  <testcase classname="testcases.Facebook_L1_AutomationTest" name="goBackToLogInPageAndValidateCreateNewAccountButtonIsPresentOrNot" time="5.976"/>
  <testcase classname="testcases.Facebook_L1_AutomationTest" name="click_on_forgetten_account_link_then_validate_Email_adddress_Or_phone_number_field" time="2.264"/>
  <testcase classname="testcases.Facebook_L1_AutomationTest" name="verifyAllFieldsArePresentInTheSignUpPage" time="0.288"/>
  <testcase classname="testcases.Facebook_L1_AutomationTest" name="enterFirstNameInFirstNameTextFieldOfTheSignupPage" time="0.134"/>
  <testcase classname="testcases.Facebook_L1_AutomationTest" name="enterValueInSignupPage" time="0.479"/>
  <testcase classname="testcases.Facebook_L1_AutomationTest" name="selectAnyDateFromDateDropdownAndVerifyDateDropdownIsPrsentOrNot" time="0.214"/>
  <testcase classname="testcases.Facebook_L1_AutomationTest" name="selectAnyMonthFromMonthDropdownAndVerifyMonthDropdownIsPrsentOrNot" time="0.176"/>
  <testcase classname="testcases.Facebook_L1_AutomationTest" name="selectAnyYearFromYearDropdownAndVerifyYearDropdownIsPrsentOrNot" time="0.160"/>
  <testcase classname="testcases.Facebook_L1_AutomationTest" name="selectCustomRadioButtonAndVerifyCustomRadioButtonIsPrsentOrNot" time="0.131"/>
  <testcase classname="testcases.Facebook_L1_AutomationTest" name="selectAnyOptionFromYourPronouDropdownAndVerifyYourPronouDropdownIsPrsentOrNot" time="0.147"/>
  <testcase classname="testcases.Facebook_L1_AutomationTest" name="enterValueInGenderOptionalTextFieldAndValidateGenderOptionalTextFieldIsPresentOrNot" time="0.250"/>
  <testcase classname="testcases.Facebook_L1_AutomationTest" name="selectFemaleRadioButtonAndVerifyFemaleRadioButtonIsPrsentOrNot" time="0.147"/>
  <testcase classname="testcases.Facebook_L1_AutomationTest" name="selectMaleRadioButtonAndVerifyFemaleRadioButtonIsPrsentOrNot" time="0.131"/>
  <testcase classname="testcases.Facebook_L1_AutomationTest" name="verifyAllprsenceOfFieldAfterCloseTheSignupPage" time="0.397"/>
  <testcase classname="testcases.Facebook_L1_AutomationTest" name="enterValidEmail_PasswordInTextFieldAndVerifyLoginButtonIsPresentOrNot" time="0.293"/>
</testsuite> <!-- testcases.Facebook_L1_AutomationTest -->
