<?xml version="1.0" encoding="UTF-8"?>
<!-- Generated by org.testng.reporters.JUnitReportReporter -->
<testsuite hostname="Surya-Prakash" failures="0" tests="3" name="testcases.Facebook_L1_AutomationTest" time="6.023" errors="0" timestamp="2024-03-06T22:37:03 IST" skipped="0">
  <testcase classname="testcases.Facebook_L1_AutomationTest" name="validateFacebookTitleofLoginPage" time="0.104"/>
  <testcase classname="testcases.Facebook_L1_AutomationTest" name="verifyPresenceOfAllFieldsinTheLoginPage" time="0.255"/>
  <testcase classname="testcases.Facebook_L1_AutomationTest" name="validateErrorMessageWIthoutProvideAnyCredentials" time="5.664"/>
</testsuite> <!-- testcases.Facebook_L1_AutomationTest -->
